<?xml version="1.0" encoding="UTF-8"?>
<testng-results skipped="0" failed="0" total="1" passed="1">
  <reporter-output>
  </reporter-output>
  <suite name="SimpleAppiumFramework" duration-ms="17931" started-at="2016-11-17T20:52:30Z" finished-at="2016-11-17T20:52:48Z">
    <groups>
    </groups>
    <test name="testing" duration-ms="17931" started-at="2016-11-17T20:52:30Z" finished-at="2016-11-17T20:52:48Z">
      <class name="com.pom.TestCaller">
        <test-method status="PASS" signature="TestMethod1()[pri:0, instance:com.pom.TestCaller@17579e0f]" name="TestMethod1" duration-ms="17921" started-at="2016-11-17T12:52:30Z" finished-at="2016-11-17T12:52:48Z">
          <reporter-output>
          </reporter-output>
        </test-method> <!-- TestMethod1 -->
      </class> <!-- com.pom.TestCaller -->
    </test> <!-- testing -->
  </suite> <!-- SimpleAppiumFramework -->
</testng-results>
